<?xml version="1.0" encoding="UTF-8"?>
<!-- Generated by org.testng.reporters.JUnitReportReporter -->
<testsuite hostname="HariDarshana" failures="0" tests="3" name="jsonproject.DDTestUsingJson" time="7.154" errors="0" timestamp="2022-11-14T16:09:42 CST" skipped="0">
  <testcase classname="jsonproject.DDTestUsingJson" name="login" time="2.098"/>
  <system-out/>
  <testcase classname="jsonproject.DDTestUsingJson" name="login" time="3.170"/>
  <system-out/>
  <testcase classname="jsonproject.DDTestUsingJson" name="login" time="1.886"/>
  <system-out/>
</testsuite> <!-- jsonproject.DDTestUsingJson -->
